<?xml version="1.0" encoding="UTF-8"?>
<!-- Generated by org.testng.reporters.JUnitReportReporter -->
<testsuite hostname="DESKTOP-U2KMCMD" failures="0" tests="1" name="testcase.TestC_001" time="9.008" errors="0" timestamp="2024-08-20T10:06:44 IST" skipped="0">
  <testcase classname="testcase.TestC_001" name="loginTest" time="9.008"/>
</testsuite> <!-- testcase.TestC_001 -->
